SF:lib/app/core/exceptions/datasource_exception.dart
DA:7,9
LF:1
LH:1
end_of_record
SF:lib/app/core/exceptions/mapper_exception.dart
DA:6,10
LF:1
LH:1
end_of_record
SF:lib/app/core/utils/app_validate_exception.dart
DA:10,2
DA:14,2
DA:15,2
DA:16,2
DA:17,2
DA:18,2
DA:21,2
DA:22,2
DA:23,2
DA:24,2
DA:26,2
LF:11
LH:11
end_of_record
SF:lib/app/core/exceptions/app_exception.dart
DA:12,13
LF:1
LH:1
end_of_record
SF:lib/app/core/utils/app_mapper.dart
DA:7,7
DA:13,7
DA:14,1
DA:15,1
DA:16,1
DA:20,1
DA:21,1
DA:22,1
LF:8
LH:8
end_of_record
SF:lib/app/core/exceptions/usecase_exception.dart
DA:6,1
LF:1
LH:1
end_of_record
SF:lib/app/core/extensions/list_extension.dart
DA:2,4
DA:5,12
DA:6,12
DA:7,8
DA:9,8
LF:5
LH:5
end_of_record
SF:lib/app/core/extensions/key_entension.dart
DA:6,3
DA:7,9
LF:2
LH:2
end_of_record
SF:lib/app/core/extensions/date_time_extension.dart
DA:4,4
DA:6,6
LF:2
LH:2
end_of_record
SF:lib/app/core/adapters/app_svg.dart
DA:8,3
DA:23,3
LF:2
LH:2
end_of_record
SF:lib/app/core/adapters/app_cached_image.dart
DA:12,6
DA:22,6
DA:23,12
DA:24,6
DA:31,6
DA:32,6
DA:35,6
DA:36,6
DA:46,0
DA:47,0
DA:48,0
LF:11
LH:8
end_of_record
SF:lib/app/core/components/movie_poster_component.dart
DA:9,5
DA:16,5
DA:18,5
DA:19,5
DA:20,15
DA:21,5
DA:22,5
LF:7
LH:7
end_of_record
SF:lib/app/modules/read_movie/domain/mocks/read_movie_mock.dart
DA:4,2
DA:5,2
DA:6,2
DA:12,2
LF:4
LH:4
end_of_record
SF:lib/app/modules/read_movie/presenters/pages/read_movie_page.dart
DA:13,1
DA:18,1
DA:20,4
DA:21,2
DA:23,1
DA:25,1
DA:28,1
DA:30,1
DA:32,0
DA:36,1
DA:39,1
DA:46,1
DA:47,1
DA:48,1
DA:50,1
DA:51,1
DA:52,1
DA:53,1
DA:56,2
DA:62,1
DA:64,1
DA:65,2
DA:77,1
DA:79,1
DA:80,1
DA:81,1
DA:82,3
DA:103,1
DA:105,1
DA:107,1
DA:109,1
DA:111,1
DA:116,1
DA:122,2
DA:123,1
DA:124,2
DA:134,1
DA:157,1
DA:159,1
DA:160,2
DA:171,1
DA:173,1
DA:175,1
DA:176,3
DA:178,1
DA:179,1
LF:46
LH:45
end_of_record
SF:lib/app/modules/list_movies/domain/entities/movie_entity.dart
DA:11,6
LF:1
LH:1
end_of_record
SF:lib/app/modules/list_movies/domain/mocks/list_movies_mock.dart
DA:5,2
DA:12,5
DA:18,2
DA:19,4
DA:22,4
DA:23,4
DA:24,4
DA:25,4
DA:29,4
DA:44,4
DA:48,4
DA:63,4
DA:67,4
DA:82,4
DA:86,4
DA:101,4
DA:105,4
DA:120,4
DA:124,4
DA:139,4
DA:143,4
DA:158,4
DA:162,4
DA:177,4
DA:181,4
DA:196,4
DA:200,4
DA:215,4
DA:219,4
DA:234,4
DA:238,4
DA:253,4
DA:257,4
DA:272,4
DA:276,4
DA:291,4
DA:295,4
DA:310,4
DA:314,4
DA:329,4
DA:333,4
DA:348,4
DA:352,4
DA:367,4
DA:371,4
DA:392,4
DA:396,4
DA:411,4
DA:415,4
DA:430,4
DA:434,4
DA:449,4
DA:452,4
DA:467,4
DA:471,4
LF:55
LH:55
end_of_record
SF:lib/app/modules/list_movies/presenters/components/exception_component.dart
DA:9,2
DA:15,2
DA:17,2
DA:19,2
DA:21,2
DA:29,2
DA:30,4
DA:34,2
DA:36,2
DA:37,2
DA:38,2
DA:39,2
DA:41,2
DA:42,2
DA:44,2
DA:45,4
DA:46,2
DA:49,2
DA:50,2
LF:19
LH:19
end_of_record
SF:lib/app/modules/list_movies/presenters/store/list_movies_store.dart
DA:9,9
DA:11,2
DA:12,4
DA:14,4
DA:16,2
DA:17,6
DA:18,6
LF:7
LH:7
end_of_record
SF:lib/app/modules/list_movies/domain/entities/movies_list_entity.dart
DA:6,6
LF:1
LH:1
end_of_record
SF:lib/app/modules/list_movies/presenters/states/list_movies_states.dart
DA:10,2
DA:20,2
LF:2
LH:2
end_of_record
SF:lib/app/modules/list_movies/presenters/components/movie_card_component.dart
DA:14,3
DA:19,3
DA:28,3
DA:30,9
DA:31,6
DA:32,3
DA:33,3
DA:34,8
DA:37,3
DA:38,3
DA:39,8
DA:41,0
DA:44,0
DA:46,3
DA:47,3
DA:48,3
DA:49,3
DA:50,8
DA:56,3
DA:57,3
DA:58,8
DA:61,6
DA:63,6
DA:67,9
DA:68,3
DA:69,3
DA:70,8
DA:75,3
DA:76,3
DA:77,3
DA:82,3
DA:85,3
DA:86,3
DA:87,3
DA:88,3
DA:89,3
DA:93,3
DA:95,3
DA:97,3
DA:98,9
DA:102,3
DA:103,6
DA:111,6
LF:43
LH:41
end_of_record
SF:lib/app/modules/list_movies/presenters/components/loading_component.dart
DA:5,2
DA:7,2
LF:2
LH:2
end_of_record
SF:lib/app/modules/list_movies/data/mappers/movies_list_mapper.dart
DA:7,6
DA:8,6
DA:9,6
DA:11,18
DA:12,6
DA:13,6
LF:6
LH:6
end_of_record
SF:lib/app/modules/list_movies/data/mappers/movie_mapper.dart
DA:6,4
DA:7,4
DA:8,4
DA:10,12
DA:12,4
DA:14,8
DA:16,4
DA:18,8
DA:20,4
DA:22,8
DA:24,4
DA:26,8
DA:28,4
DA:30,12
DA:32,4
DA:34,8
DA:36,4
DA:38,8
LF:18
LH:18
end_of_record
SF:lib/app/modules/list_movies/presenters/components/success_component.dart
DA:8,2
DA:13,2
DA:15,2
DA:18,6
DA:19,2
DA:20,6
DA:22,2
DA:24,6
LF:8
LH:8
end_of_record
SF:lib/app/modules/list_movies/presenters/pages/list_movies_page.dart
DA:14,1
DA:19,1
DA:20,1
DA:24,1
DA:26,1
DA:28,3
DA:31,1
DA:33,1
DA:35,1
DA:39,1
DA:42,1
DA:49,1
DA:50,2
DA:51,1
DA:52,1
DA:53,1
DA:55,2
DA:56,1
DA:57,3
DA:59,2
DA:60,1
LF:21
LH:21
end_of_record
SF:lib/app/modules/list_movies/data/repositories/list_movies_repository.dart
DA:11,1
DA:13,1
DA:15,1
DA:16,1
LF:4
LH:4
end_of_record
SF:lib/app/modules/list_movies/data/datasources/list_movies_datasource.dart
DA:10,1
DA:12,1
DA:40,1
DA:48,1
DA:49,1
LF:5
LH:5
end_of_record
SF:lib/app/modules/list_movies/domain/usecases/list_movies_usecase.dart
DA:12,1
DA:14,1
DA:16,2
DA:18,1
DA:19,2
DA:20,1
DA:21,2
DA:22,1
DA:23,4
DA:25,2
LF:10
LH:10
end_of_record
